[2021-02-15 16:40:44.453] [exthost] [info] extension host started
[2021-02-15 16:40:44.471] [exthost] [info] ExtensionService#_doActivateExtension vscode.debug-auto-launch {"startup":true,"extensionId":{"value":"vscode.debug-auto-launch","_lower":"vscode.debug-auto-launch"},"activationEvent":"*"}
[2021-02-15 16:40:44.471] [exthost] [info] ExtensionService#loadCommonJSModule file:///usr/lib/code/extensions/debug-auto-launch/dist/extension
[2021-02-15 16:40:44.474] [exthost] [info] ExtensionService#_doActivateExtension vscode.git {"startup":true,"extensionId":{"value":"vscode.github","_lower":"vscode.github"},"activationEvent":"*"}
[2021-02-15 16:40:44.474] [exthost] [info] ExtensionService#loadCommonJSModule file:///usr/lib/code/extensions/git/dist/main
[2021-02-15 16:40:44.486] [exthost] [info] ExtensionService#_doActivateExtension christian-kohler.path-intellisense {"startup":true,"extensionId":{"value":"christian-kohler.path-intellisense","_lower":"christian-kohler.path-intellisense"},"activationEvent":"*"}
[2021-02-15 16:40:44.486] [exthost] [info] ExtensionService#loadCommonJSModule file:///home/tony/.vscode-oss/extensions/christian-kohler.path-intellisense-2.3.0/out/extension.js
[2021-02-15 16:40:44.495] [exthost] [info] ExtensionService#_doActivateExtension CoenraadS.bracket-pair-colorizer-2 {"startup":true,"extensionId":{"value":"CoenraadS.bracket-pair-colorizer-2","_lower":"coenraads.bracket-pair-colorizer-2"},"activationEvent":"*"}
[2021-02-15 16:40:44.495] [exthost] [info] ExtensionService#loadCommonJSModule file:///home/tony/.vscode-oss/extensions/coenraads.bracket-pair-colorizer-2-0.2.0/out/src/extension
[2021-02-15 16:40:44.504] [exthost] [info] ExtensionService#_doActivateExtension formulahendry.auto-rename-tag {"startup":true,"extensionId":{"value":"formulahendry.auto-rename-tag","_lower":"formulahendry.auto-rename-tag"},"activationEvent":"*"}
[2021-02-15 16:40:44.504] [exthost] [info] ExtensionService#loadCommonJSModule file:///home/tony/.vscode-oss/extensions/formulahendry.auto-rename-tag-0.1.6/packages/extension/dist/extensionMain.js
[2021-02-15 16:40:44.509] [exthost] [info] ExtensionService#_doActivateExtension HookyQR.beautify {"startup":true,"extensionId":{"value":"HookyQR.beautify","_lower":"hookyqr.beautify"},"activationEvent":"*"}
[2021-02-15 16:40:44.510] [exthost] [info] ExtensionService#loadCommonJSModule file:///home/tony/.vscode-oss/extensions/hookyqr.beautify-1.5.0/extension
[2021-02-15 16:40:44.534] [exthost] [info] ExtensionService#_doActivateExtension JosefBiehler.cypress-fixture-intellisense {"startup":true,"extensionId":{"value":"JosefBiehler.cypress-fixture-intellisense","_lower":"josefbiehler.cypress-fixture-intellisense"},"activationEvent":"*"}
[2021-02-15 16:40:44.534] [exthost] [info] ExtensionService#loadCommonJSModule file:///home/tony/.vscode-oss/extensions/josefbiehler.cypress-fixture-intellisense-1.2.0/out/extension.js
[2021-02-15 16:40:44.541] [exthost] [info] ExtensionService#_doActivateExtension lkytal.pomodoro {"startup":true,"extensionId":{"value":"lkytal.pomodoro","_lower":"lkytal.pomodoro"},"activationEvent":"*"}
[2021-02-15 16:40:44.541] [exthost] [info] ExtensionService#loadCommonJSModule file:///home/tony/.vscode-oss/extensions/lkytal.pomodoro-1.1.3/out/src/extension
[2021-02-15 16:40:44.543] [exthost] [info] ExtensionService#_doActivateExtension naumovs.color-highlight {"startup":true,"extensionId":{"value":"naumovs.color-highlight","_lower":"naumovs.color-highlight"},"activationEvent":"*"}
[2021-02-15 16:40:44.543] [exthost] [info] ExtensionService#loadCommonJSModule file:///home/tony/.vscode-oss/extensions/naumovs.color-highlight-2.3.0/dist/extension
[2021-02-15 16:40:44.547] [exthost] [info] ExtensionService#_doActivateExtension ritwickdey.LiveServer {"startup":true,"extensionId":{"value":"ritwickdey.LiveServer","_lower":"ritwickdey.liveserver"},"activationEvent":"*"}
[2021-02-15 16:40:44.547] [exthost] [info] ExtensionService#loadCommonJSModule file:///home/tony/.vscode-oss/extensions/ritwickdey.liveserver-5.6.1/out/src/extension
[2021-02-15 16:40:44.712] [exthost] [info] ExtensionService#_doActivateExtension vscodevim.vim {"startup":true,"extensionId":{"value":"vscodevim.vim","_lower":"vscodevim.vim"},"activationEvent":"*"}
[2021-02-15 16:40:44.712] [exthost] [info] ExtensionService#loadCommonJSModule file:///home/tony/.vscode-oss/extensions/vscodevim.vim-1.18.9/out/extension
[2021-02-15 16:40:44.737] [exthost] [info] ExtensionService#_doActivateExtension zhuangtongfa.material-theme {"startup":true,"extensionId":{"value":"zhuangtongfa.material-theme","_lower":"zhuangtongfa.material-theme"},"activationEvent":"*"}
[2021-02-15 16:40:44.737] [exthost] [info] ExtensionService#loadCommonJSModule file:///home/tony/.vscode-oss/extensions/zhuangtongfa.material-theme-3.9.13/out/extension.js
[2021-02-15 16:40:44.852] [exthost] [info] ExtensionService#_doActivateExtension ms-vscode.js-debug {"startup":false,"extensionId":{"value":"ms-vscode.js-debug","_lower":"ms-vscode.js-debug"},"activationEvent":"onCommand:extension.js-debug.clearAutoAttachVariables"}
[2021-02-15 16:40:44.852] [exthost] [info] ExtensionService#loadCommonJSModule file:///usr/lib/code/extensions/ms-vscode.js-debug/src/extension.js
[2021-02-15 16:40:44.900] [exthost] [info] ExtensionService#_doActivateExtension vscode.github {"startup":false,"extensionId":{"value":"vscode.github","_lower":"vscode.github"},"activationEvent":"*"}
[2021-02-15 16:40:44.900] [exthost] [info] ExtensionService#loadCommonJSModule file:///usr/lib/code/extensions/github/dist/extension.js
[2021-02-15 16:40:44.902] [exthost] [info] ExtensionService#_doActivateExtension vscode.configuration-editing {"startup":false,"extensionId":{"value":"vscode.configuration-editing","_lower":"vscode.configuration-editing"},"activationEvent":"onLanguage:jsonc"}
[2021-02-15 16:40:44.902] [exthost] [info] ExtensionService#loadCommonJSModule file:///usr/lib/code/extensions/configuration-editing/dist/configurationEditingMain
[2021-02-15 16:40:44.904] [exthost] [info] ExtensionService#_doActivateExtension vscode.json-language-features {"startup":false,"extensionId":{"value":"vscode.json-language-features","_lower":"vscode.json-language-features"},"activationEvent":"onLanguage:jsonc"}
[2021-02-15 16:40:44.904] [exthost] [info] ExtensionService#loadCommonJSModule file:///usr/lib/code/extensions/json-language-features/client/dist/node/jsonClientMain
[2021-02-15 16:40:44.915] [exthost] [info] ExtensionService#_doActivateExtension vscode.typescript-language-features {"startup":false,"extensionId":{"value":"vscode.typescript-language-features","_lower":"vscode.typescript-language-features"},"activationEvent":"onLanguage:jsonc"}
[2021-02-15 16:40:44.915] [exthost] [info] ExtensionService#loadCommonJSModule file:///usr/lib/code/extensions/typescript-language-features/dist/extension
[2021-02-15 16:40:44.930] [exthost] [info] eager extensions activated
[2021-02-15 16:40:44.954] [exthost] [info] ExtensionService#_doActivateExtension vscode.emmet {"startup":false,"extensionId":{"value":"vscode.emmet","_lower":"vscode.emmet"},"activationEvent":"onStartupFinished"}
[2021-02-15 16:40:44.954] [exthost] [info] ExtensionService#loadCommonJSModule file:///usr/lib/code/extensions/emmet/dist/node/emmetNodeMain
[2021-02-15 16:40:44.957] [exthost] [info] ExtensionService#_doActivateExtension vscode.merge-conflict {"startup":false,"extensionId":{"value":"vscode.merge-conflict","_lower":"vscode.merge-conflict"},"activationEvent":"onStartupFinished"}
[2021-02-15 16:40:44.957] [exthost] [info] ExtensionService#loadCommonJSModule file:///usr/lib/code/extensions/merge-conflict/dist/mergeConflictMain
[2021-02-15 16:40:44.959] [exthost] [info] ExtensionService#_doActivateExtension vscode.testing-editor-contributions {"startup":false,"extensionId":{"value":"vscode.testing-editor-contributions","_lower":"vscode.testing-editor-contributions"},"activationEvent":"onStartupFinished"}
[2021-02-15 16:40:44.959] [exthost] [info] ExtensionService#loadCommonJSModule file:///usr/lib/code/extensions/testing-editor-contributions/dist/extension.js
[2021-02-15 16:40:44.960] [exthost] [info] ExtensionService#_doActivateExtension dbaeumer.vscode-eslint {"startup":false,"extensionId":{"value":"dbaeumer.vscode-eslint","_lower":"dbaeumer.vscode-eslint"},"activationEvent":"onStartupFinished"}
[2021-02-15 16:40:44.960] [exthost] [info] ExtensionService#loadCommonJSModule file:///home/tony/.vscode-oss/extensions/dbaeumer.vscode-eslint-2.1.14/client/out/extension
[2021-02-15 16:40:44.964] [exthost] [info] ExtensionService#_doActivateExtension esbenp.prettier-vscode {"startup":false,"extensionId":{"value":"esbenp.prettier-vscode","_lower":"esbenp.prettier-vscode"},"activationEvent":"onStartupFinished"}
[2021-02-15 16:40:44.964] [exthost] [info] ExtensionService#loadCommonJSModule file:///home/tony/.vscode-oss/extensions/esbenp.prettier-vscode-5.9.1/dist/extension
[2021-02-15 16:41:20.793] [exthost] [info] ExtensionService#_doActivateExtension vscode.html-language-features {"startup":false,"extensionId":{"value":"vscode.html-language-features","_lower":"vscode.html-language-features"},"activationEvent":"onLanguage:html"}
[2021-02-15 16:41:20.793] [exthost] [info] ExtensionService#loadCommonJSModule file:///usr/lib/code/extensions/html-language-features/client/dist/node/htmlClientMain
[2021-02-15 16:41:27.141] [exthost] [info] extension host terminating: received terminate message from renderer
[2021-02-15 16:41:28.110] [exthost] [info] extension host started
[2021-02-15 16:41:28.137] [exthost] [info] ExtensionService#_doActivateExtension vscode.debug-auto-launch {"startup":true,"extensionId":{"value":"vscode.debug-auto-launch","_lower":"vscode.debug-auto-launch"},"activationEvent":"*"}
[2021-02-15 16:41:28.137] [exthost] [info] ExtensionService#loadCommonJSModule file:///usr/lib/code/extensions/debug-auto-launch/dist/extension
[2021-02-15 16:41:28.139] [exthost] [info] ExtensionService#_doActivateExtension vscode.git {"startup":true,"extensionId":{"value":"vscode.github","_lower":"vscode.github"},"activationEvent":"*"}
[2021-02-15 16:41:28.139] [exthost] [info] ExtensionService#loadCommonJSModule file:///usr/lib/code/extensions/git/dist/main
[2021-02-15 16:41:28.152] [exthost] [info] ExtensionService#_doActivateExtension christian-kohler.path-intellisense {"startup":true,"extensionId":{"value":"christian-kohler.path-intellisense","_lower":"christian-kohler.path-intellisense"},"activationEvent":"*"}
[2021-02-15 16:41:28.152] [exthost] [info] ExtensionService#loadCommonJSModule file:///home/tony/.vscode-oss/extensions/christian-kohler.path-intellisense-2.3.0/out/extension.js
[2021-02-15 16:41:28.160] [exthost] [info] exiting with code 0
[2021-02-15 16:41:28.161] [exthost] [info] ExtensionService#_doActivateExtension CoenraadS.bracket-pair-colorizer-2 {"startup":true,"extensionId":{"value":"CoenraadS.bracket-pair-colorizer-2","_lower":"coenraads.bracket-pair-colorizer-2"},"activationEvent":"*"}
[2021-02-15 16:41:28.161] [exthost] [info] ExtensionService#loadCommonJSModule file:///home/tony/.vscode-oss/extensions/coenraads.bracket-pair-colorizer-2-0.2.0/out/src/extension
[2021-02-15 16:41:28.171] [exthost] [info] ExtensionService#_doActivateExtension formulahendry.auto-rename-tag {"startup":true,"extensionId":{"value":"formulahendry.auto-rename-tag","_lower":"formulahendry.auto-rename-tag"},"activationEvent":"*"}
[2021-02-15 16:41:28.171] [exthost] [info] ExtensionService#loadCommonJSModule file:///home/tony/.vscode-oss/extensions/formulahendry.auto-rename-tag-0.1.6/packages/extension/dist/extensionMain.js
[2021-02-15 16:41:28.176] [exthost] [info] ExtensionService#_doActivateExtension HookyQR.beautify {"startup":true,"extensionId":{"value":"HookyQR.beautify","_lower":"hookyqr.beautify"},"activationEvent":"*"}
[2021-02-15 16:41:28.177] [exthost] [info] ExtensionService#loadCommonJSModule file:///home/tony/.vscode-oss/extensions/hookyqr.beautify-1.5.0/extension
[2021-02-15 16:41:28.202] [exthost] [info] ExtensionService#_doActivateExtension JosefBiehler.cypress-fixture-intellisense {"startup":true,"extensionId":{"value":"JosefBiehler.cypress-fixture-intellisense","_lower":"josefbiehler.cypress-fixture-intellisense"},"activationEvent":"*"}
[2021-02-15 16:41:28.202] [exthost] [info] ExtensionService#loadCommonJSModule file:///home/tony/.vscode-oss/extensions/josefbiehler.cypress-fixture-intellisense-1.2.0/out/extension.js
[2021-02-15 16:41:28.211] [exthost] [info] ExtensionService#_doActivateExtension lkytal.pomodoro {"startup":true,"extensionId":{"value":"lkytal.pomodoro","_lower":"lkytal.pomodoro"},"activationEvent":"*"}
[2021-02-15 16:41:28.211] [exthost] [info] ExtensionService#loadCommonJSModule file:///home/tony/.vscode-oss/extensions/lkytal.pomodoro-1.1.3/out/src/extension
[2021-02-15 16:41:28.213] [exthost] [info] ExtensionService#_doActivateExtension naumovs.color-highlight {"startup":true,"extensionId":{"value":"naumovs.color-highlight","_lower":"naumovs.color-highlight"},"activationEvent":"*"}
[2021-02-15 16:41:28.213] [exthost] [info] ExtensionService#loadCommonJSModule file:///home/tony/.vscode-oss/extensions/naumovs.color-highlight-2.3.0/dist/extension
[2021-02-15 16:41:28.217] [exthost] [info] ExtensionService#_doActivateExtension ritwickdey.LiveServer {"startup":true,"extensionId":{"value":"ritwickdey.LiveServer","_lower":"ritwickdey.liveserver"},"activationEvent":"*"}
[2021-02-15 16:41:28.217] [exthost] [info] ExtensionService#loadCommonJSModule file:///home/tony/.vscode-oss/extensions/ritwickdey.liveserver-5.6.1/out/src/extension
[2021-02-15 16:41:28.381] [exthost] [info] ExtensionService#_doActivateExtension vscodevim.vim {"startup":true,"extensionId":{"value":"vscodevim.vim","_lower":"vscodevim.vim"},"activationEvent":"*"}
[2021-02-15 16:41:28.381] [exthost] [info] ExtensionService#loadCommonJSModule file:///home/tony/.vscode-oss/extensions/vscodevim.vim-1.18.9/out/extension
[2021-02-15 16:41:28.406] [exthost] [info] ExtensionService#_doActivateExtension zhuangtongfa.material-theme {"startup":true,"extensionId":{"value":"zhuangtongfa.material-theme","_lower":"zhuangtongfa.material-theme"},"activationEvent":"*"}
[2021-02-15 16:41:28.406] [exthost] [info] ExtensionService#loadCommonJSModule file:///home/tony/.vscode-oss/extensions/zhuangtongfa.material-theme-3.9.13/out/extension.js
[2021-02-15 16:41:28.454] [exthost] [error] Activating extension JosefBiehler.cypress-fixture-intellisense failed due to an error:
[2021-02-15 16:41:28.458] [exthost] [error] Error: ENOENT: no such file or directory, open '/home/tony/webDev/Bootstrap/tindog/cypress.json'
    at Object.openSync (fs.js:466:3)
    at Object.func [as openSync] (electron/js2c/asar_bundle.js:5:1812)
    at Object.readFileSync (fs.js:368:35)
    at Object.e.readFileSync (electron/js2c/asar_bundle.js:5:8583)
    at getFixturesPath (/home/tony/.vscode-oss/extensions/josefbiehler.cypress-fixture-intellisense-1.2.0/out/extension.js:57:29)
    at readFixtures (/home/tony/.vscode-oss/extensions/josefbiehler.cypress-fixture-intellisense-1.2.0/out/extension.js:72:24)
    at setupFixturesLoader (/home/tony/.vscode-oss/extensions/josefbiehler.cypress-fixture-intellisense-1.2.0/out/extension.js:66:21)
    at activate (/home/tony/.vscode-oss/extensions/josefbiehler.cypress-fixture-intellisense-1.2.0/out/extension.js:15:5)
    at Function._callActivateOptional (/usr/lib/code/out/vs/workbench/services/extensions/node/extensionHostProcess.js:90:13728)
    at Function._callActivate (/usr/lib/code/out/vs/workbench/services/extensions/node/extensionHostProcess.js:90:13405)
    at /usr/lib/code/out/vs/workbench/services/extensions/node/extensionHostProcess.js:90:11743
    at processTicksAndRejections (internal/process/task_queues.js:97:5)
    at async Promise.all (index 6)
    at async Promise.all (index 0)
[2021-02-15 16:41:28.466] [exthost] [info] ExtensionService#_doActivateExtension pranaygp.vscode-css-peek {"startup":true,"extensionId":{"value":"pranaygp.vscode-css-peek","_lower":"pranaygp.vscode-css-peek"},"activationEvent":"workspaceContains:**/*.css,**/*.scss,**/*.sass,**/*.less"}
[2021-02-15 16:41:28.467] [exthost] [info] ExtensionService#loadCommonJSModule file:///home/tony/.vscode-oss/extensions/pranaygp.vscode-css-peek-4.1.0/client/out/extension
[2021-02-15 16:41:28.569] [exthost] [info] ExtensionService#_doActivateExtension ms-vscode.js-debug {"startup":false,"extensionId":{"value":"ms-vscode.js-debug","_lower":"ms-vscode.js-debug"},"activationEvent":"onCommand:extension.js-debug.clearAutoAttachVariables"}
[2021-02-15 16:41:28.569] [exthost] [info] ExtensionService#loadCommonJSModule file:///usr/lib/code/extensions/ms-vscode.js-debug/src/extension.js
[2021-02-15 16:41:28.624] [exthost] [info] ExtensionService#_doActivateExtension vscode.github {"startup":false,"extensionId":{"value":"vscode.github","_lower":"vscode.github"},"activationEvent":"*"}
[2021-02-15 16:41:28.624] [exthost] [info] ExtensionService#loadCommonJSModule file:///usr/lib/code/extensions/github/dist/extension.js
[2021-02-15 16:41:28.673] [exthost] [info] ExtensionService#_doActivateExtension vscode.configuration-editing {"startup":false,"extensionId":{"value":"vscode.configuration-editing","_lower":"vscode.configuration-editing"},"activationEvent":"onLanguage:jsonc"}
[2021-02-15 16:41:28.673] [exthost] [info] ExtensionService#loadCommonJSModule file:///usr/lib/code/extensions/configuration-editing/dist/configurationEditingMain
[2021-02-15 16:41:28.675] [exthost] [info] ExtensionService#_doActivateExtension vscode.json-language-features {"startup":false,"extensionId":{"value":"vscode.json-language-features","_lower":"vscode.json-language-features"},"activationEvent":"onLanguage:jsonc"}
[2021-02-15 16:41:28.675] [exthost] [info] ExtensionService#loadCommonJSModule file:///usr/lib/code/extensions/json-language-features/client/dist/node/jsonClientMain
[2021-02-15 16:41:28.685] [exthost] [info] ExtensionService#_doActivateExtension vscode.typescript-language-features {"startup":false,"extensionId":{"value":"vscode.typescript-language-features","_lower":"vscode.typescript-language-features"},"activationEvent":"onLanguage:jsonc"}
[2021-02-15 16:41:28.685] [exthost] [info] ExtensionService#loadCommonJSModule file:///usr/lib/code/extensions/typescript-language-features/dist/extension
[2021-02-15 16:41:28.698] [exthost] [info] eager extensions activated
[2021-02-15 16:41:28.707] [exthost] [info] ExtensionService#_doActivateExtension vscode.emmet {"startup":false,"extensionId":{"value":"vscode.emmet","_lower":"vscode.emmet"},"activationEvent":"onStartupFinished"}
[2021-02-15 16:41:28.707] [exthost] [info] ExtensionService#loadCommonJSModule file:///usr/lib/code/extensions/emmet/dist/node/emmetNodeMain
[2021-02-15 16:41:28.711] [exthost] [info] ExtensionService#_doActivateExtension vscode.merge-conflict {"startup":false,"extensionId":{"value":"vscode.merge-conflict","_lower":"vscode.merge-conflict"},"activationEvent":"onStartupFinished"}
[2021-02-15 16:41:28.711] [exthost] [info] ExtensionService#loadCommonJSModule file:///usr/lib/code/extensions/merge-conflict/dist/mergeConflictMain
[2021-02-15 16:41:28.712] [exthost] [info] ExtensionService#_doActivateExtension vscode.testing-editor-contributions {"startup":false,"extensionId":{"value":"vscode.testing-editor-contributions","_lower":"vscode.testing-editor-contributions"},"activationEvent":"onStartupFinished"}
[2021-02-15 16:41:28.712] [exthost] [info] ExtensionService#loadCommonJSModule file:///usr/lib/code/extensions/testing-editor-contributions/dist/extension.js
[2021-02-15 16:41:28.714] [exthost] [info] ExtensionService#_doActivateExtension dbaeumer.vscode-eslint {"startup":false,"extensionId":{"value":"dbaeumer.vscode-eslint","_lower":"dbaeumer.vscode-eslint"},"activationEvent":"onStartupFinished"}
[2021-02-15 16:41:28.714] [exthost] [info] ExtensionService#loadCommonJSModule file:///home/tony/.vscode-oss/extensions/dbaeumer.vscode-eslint-2.1.14/client/out/extension
[2021-02-15 16:41:28.718] [exthost] [info] ExtensionService#_doActivateExtension esbenp.prettier-vscode {"startup":false,"extensionId":{"value":"esbenp.prettier-vscode","_lower":"esbenp.prettier-vscode"},"activationEvent":"onStartupFinished"}
[2021-02-15 16:41:28.718] [exthost] [info] ExtensionService#loadCommonJSModule file:///home/tony/.vscode-oss/extensions/esbenp.prettier-vscode-5.9.1/dist/extension
[2021-02-15 16:41:31.829] [exthost] [info] ExtensionService#_doActivateExtension vscode.html-language-features {"startup":false,"extensionId":{"value":"vscode.html-language-features","_lower":"vscode.html-language-features"},"activationEvent":"onLanguage:html"}
[2021-02-15 16:41:31.829] [exthost] [info] ExtensionService#loadCommonJSModule file:///usr/lib/code/extensions/html-language-features/client/dist/node/htmlClientMain
[2021-02-16 04:42:53.368] [exthost] [info] ExtensionService#_doActivateExtension vscode.css-language-features {"startup":false,"extensionId":{"value":"vscode.css-language-features","_lower":"vscode.css-language-features"},"activationEvent":"onLanguage:css"}
[2021-02-16 04:42:53.368] [exthost] [info] ExtensionService#loadCommonJSModule file:///usr/lib/code/extensions/css-language-features/client/dist/node/cssClientMain
[2021-02-17 08:38:03.788] [exthost] [info] extension host terminating: received terminate message from renderer
[2021-02-17 08:38:04.809] [exthost] [info] exiting with code 0
