Looking for git in: git
Using git 2.30.1 from git
> git rev-parse --git-dir
Open repository: /home/tony/webDev/Bootstrap/tindog
> git status -z -u
> git symbolic-ref --short HEAD
> git for-each-ref --format=%(refname)%00%(upstream:short)%00%(upstream:track)%00%(objectname) refs/heads/Tony-Sorensen refs/remotes/Tony-Sorensen
> git for-each-ref --sort -committerdate --format %(refname) %(objectname) %(*objectname)
> git remote --verbose
> git config --get commit.template
> git check-ignore -v -z --stdin
> git show --textconv :css/styles.css
> git ls-files --stage -- /home/tony/webDev/Bootstrap/tindog/css/styles.css
> git cat-file -s 78d20477e46bc7d6a72addecb1d1a8bb0aff5400
> git status -z -u
> git symbolic-ref --short HEAD
> git for-each-ref --format=%(refname)%00%(upstream:short)%00%(upstream:track)%00%(objectname) refs/heads/Tony-Sorensen refs/remotes/Tony-Sorensen
> git for-each-ref --sort -committerdate --format %(refname) %(objectname) %(*objectname)
> git remote --verbose
> git config --get commit.template
